<?xml version="1.0" encoding="UTF-8"?>
<coverage generated="1636223989378" clover="3.2.0">
  <project timestamp="1636223989379" name="All files">
    <metrics statements="15" coveredstatements="14" conditionals="4" coveredconditionals="3" methods="4" coveredmethods="4" elements="23" coveredelements="21" complexity="0" loc="15" ncloc="15" packages="1" files="2" classes="2"/>
    <file name="diff-two-arrays.js" path="/home/sergezolo/development/fcc-js/diff-two-arrays.js">
      <metrics statements="9" coveredstatements="8" conditionals="4" coveredconditionals="3" methods="1" coveredmethods="1"/>
      <line num="7" count="1" type="stmt"/>
      <line num="9" count="1" type="stmt"/>
      <line num="10" count="4" type="cond" truecount="1" falsecount="1"/>
      <line num="11" count="0" type="stmt"/>
      <line num="15" count="1" type="stmt"/>
      <line num="16" count="5" type="cond" truecount="2" falsecount="0"/>
      <line num="17" count="1" type="stmt"/>
      <line num="21" count="1" type="stmt"/>
      <line num="25" count="1" type="stmt"/>
    </file>
    <file name="sum-all-nums.js" path="/home/sergezolo/development/fcc-js/sum-all-nums.js">
      <metrics statements="6" coveredstatements="6" conditionals="0" coveredconditionals="0" methods="3" coveredmethods="3"/>
      <line num="7" count="4" type="stmt"/>
      <line num="8" count="4" type="stmt"/>
      <line num="9" count="4" type="stmt"/>
      <line num="10" count="20" type="stmt"/>
      <line num="12" count="16" type="stmt"/>
      <line num="15" count="1" type="stmt"/>
    </file>
  </project>
</coverage>
