{"/home/sergezolo/development/fcc-js/sum-all-nums.js": {"path":"/home/sergezolo/development/fcc-js/sum-all-nums.js","statementMap":{"0":{"start":{"line":7,"column":14},"end":{"line":7,"column":16}},"1":{"start":{"line":8,"column":16},"end":{"line":8,"column":41}},"2":{"start":{"line":8,"column":35},"end":{"line":8,"column":40}},"3":{"start":{"line":9,"column":2},"end":{"line":11,"column":3}},"4":{"start":{"line":9,"column":15},"end":{"line":9,"column":23}},"5":{"start":{"line":10,"column":4},"end":{"line":10,"column":15}},"6":{"start":{"line":12,"column":2},"end":{"line":12,"column":37}},"7":{"start":{"line":12,"column":30},"end":{"line":12,"column":35}},"8":{"start":{"line":15,"column":0},"end":{"line":15,"column":23}}},"fnMap":{"0":{"name":"sumAll","decl":{"start":{"line":6,"column":9},"end":{"line":6,"column":15}},"loc":{"start":{"line":6,"column":21},"end":{"line":13,"column":1}},"line":6},"1":{"name":"(anonymous_1)","decl":{"start":{"line":8,"column":25},"end":{"line":8,"column":26}},"loc":{"start":{"line":8,"column":35},"end":{"line":8,"column":40}},"line":8},"2":{"name":"(anonymous_2)","decl":{"start":{"line":12,"column":20},"end":{"line":12,"column":21}},"loc":{"start":{"line":12,"column":30},"end":{"line":12,"column":35}},"line":12}},"branchMap":{},"s":{"0":4,"1":4,"2":4,"3":4,"4":4,"5":20,"6":4,"7":16,"8":1},"f":{"0":4,"1":4,"2":16},"b":{},"_coverageSchema":"1a1c01bbd47fc00a2c39e90264f33305004495a9","hash":"5638284cc70abe239ef9e3def75cca27c47e464a"}
}
